Arguments: 
  /usr/local/Cellar/node/15.13.0/bin/node /Users/jofisaes/.yarn/bin/yarn.js install

PATH: 
  /Users/jofisaes/anaconda3/bin:/Users/jofisaes/anaconda3/condabin:/Users/jofisaes/.jenv/shims:/Users/jofisaes/.jenv/bin:/Users/jofisaes/.yarn/bin:/Users/jofisaes/.config/yarn/global/node_modules/.bin:/Users/jofisaes/.sdkman/candidates/java/current/bin:/Users/jofisaes/.sdkman/candidates/gradle/current/bin:/usr/local/bin:/usr/bin:/bin:/usr/sbin:/sbin:/Applications/VMware Fusion.app/Contents/Public:/opt/X11/bin:/usr/local/Cellar/rabbitmq/3.8.3/sbin:/opt/metasploit-framework/bin:/opt/metasploit-framework/bin

Yarn version: 
  1.22.5

Node version: 
  15.13.0

Platform: 
  darwin x64

Trace: 
  TypeError: Invalid Version: 2.0.1-SNAPSHOT
      at new SemVer (/Users/jofisaes/.yarn/lib/cli.js:3508:11)
      at Range.module.exports.Range.test (/Users/jofisaes/.yarn/lib/cli.js:4315:15)
      at Function.satisfies (/Users/jofisaes/.yarn/lib/cli.js:4364:16)
      at WorkspaceLayout.getManifestByPattern (/Users/jofisaes/.yarn/lib/cli.js:32262:31)
      at Function.isWorkspace (/Users/jofisaes/.yarn/lib/cli.js:98235:51)
      at PackageRequest.<anonymous> (/Users/jofisaes/.yarn/lib/cli.js:36629:76)
      at Generator.next (<anonymous>)
      at step (/Users/jofisaes/.yarn/lib/cli.js:310:30)
      at /Users/jofisaes/.yarn/lib/cli.js:328:14
      at new Promise (<anonymous>)

npm manifest: 
  {
    "private": true,
    "name": "mancalaje",
    "dependencies": {
      "@angular/animations": "~11.2.13",
      "@angular/cdk": "^11.2.12",
      "@angular/common": "~11.2.13",
      "@angular/compiler": "~11.2.13",
      "@angular/core": "~11.2.13",
      "@angular/forms": "~11.2.13",
      "@angular/material": "^11.2.12",
      "@angular/platform-browser": "~11.2.13",
      "@angular/platform-browser-dynamic": "~11.2.13",
      "@angular/router": "~11.2.13",
      "@briebug/jest-schematic": "^3.1.0",
      "ngx-pagination": "^5.0.0",
      "rxjs": "~7.0.0",
      "tslib": "^2.2.0",
      "@material-ui/core": "^4.11.4",
      "@material-ui/icons": "latest",
      "@material-ui/styles": "^4.11.4",
      "@types/node": "15.0.2",
      "@types/react": "17.0.5",
      "@types/react-dom": "17.0.3",
      "axios": "^0.21.1",
      "client-oauth2": "^4.3.3",
      "compass": "^0.1.1",
      "connected-react-router": "latest",
      "fetch-mw-oauth2": "0.7.7",
      "http-status-codes": "^2.1.4",
      "node-sass": "^5.0.0",
      "react": "^17.0.2",
      "react-dom": "^17.0.2",
      "react-redux": "^7.2.4",
      "react-router-dom": "^5.2.0",
      "react-scripts": "4.0.3",
      "react-twitter-embed": "^3.0.3",
      "redux": "^4.1.0",
      "styled-components": "latest",
      "typescript": "4.2.4",
      "yarn": "^1.22.10"
    },
    "devDependencies": {
      "@angular-builders/jest": "11.2.0",
      "@angular-devkit/build-angular": "~0.1102.12",
      "@angular/cli": "~11.2.12",
      "@angular/compiler-cli": "~11.2.13",
      "@angular/language-service": "~11.2.13",
      "@types/jasmine": "~3.7.0",
      "@types/jasminewd2": "~2.0.9",
      "@types/jest": "^26.0.23",
      "@types/node": "~15.0.2",
      "babel-cli": "^6.18.0",
      "codecov": "^3.8.2",
      "codelyzer": "^6.0.2",
      "coveralls": "^3.1.0",
      "identity-obj-proxy": "^3.0.0",
      "is-utf8": "^0.2.1",
      "istanbul-reports": "^3.0.2",
      "jasmine-core": "~3.7.1",
      "jasmine-spec-reporter": "~7.0.0",
      "jest": "^26.5.0",
      "jest-preset-angular": "^8.4.0",
      "jest-puppeteer": "^5.0.3",
      "jscoverage": "^0.5.4",
      "load-json-file": "^6.2.0",
      "lodash.assign": "^4.2.0",
      "mocha-lcov-reporter": "^1.3.0",
      "nodeunit": "^0.9.2",
      "protractor": "~7.0.0",
      "require-context.macro": "^1.2.2",
      "ts-jest": "^26.5.6",
      "ts-node": "~9.1.1",
      "tslint": "~6.1.3",
      "typescript": "~4.2.4",
      "zone.js": "^0.11.4",
      "@babel/plugin-syntax-jsx": "^7.12.13",
      "@babel/preset-react": "^7.13.13",
      "@testing-library/react": "^11.2.6",
      "@types/jest": "^26.0.23",
      "@types/react-redux": "^7.1.16",
      "@types/react-router-dom": "^5.1.7",
      "@types/styled-components": "^5.1.9",
      "codecov": "^3.8.2",
      "coveralls": "^3.1.0",
      "identity-obj-proxy": "^3.0.0",
      "istanbul-reports": "^3.0.2",
      "jest": "^26.6.0",
      "jscoverage": "^0.6.0",
      "mocha-lcov-reporter": "^1.3.0",
      "nodeunit": "^0.9.2",
      "snyk": "^1.583.0",
      "ts-jest": "^26.5.6"
    },
    "jest": {
      "transform": {
        "\\.tsx?$": "ts-jest",
        "\\.jsx?$": "babel-jest"
      },
      "moduleNameMapper": {
        "\\.(jpg|jpeg|png|gif|eot|otf|webp|ttf|woff|woff2|mp4|webm|wav|mp3|m4a|aac|oga)$": "identity-obj-proxy",
        "\\.(css|less|scss|sass)$": "identity-obj-proxy",
        "\\.(svg)$": "<rootDir>/src/test/mocks/fileMock.js"
      }
    },
    "workspaces": [
      "packages/*"
    ]
  }

yarn manifest: 
  No manifest

Lockfile: 
  No lockfile
